<?xml version="1.0" encoding="UTF-8"?>
<!-- Generated by org.testng.reporters.JUnitReportReporter -->
<testsuite hostname="DESKTOP-8AK31QI" failures="0" tests="2" name="com.qa.testcases.LoginPage_TestCase" time="31.590" errors="0" timestamp="27 Oct 2024 18:25:09 GMT" skipped="0">
  <testcase classname="com.qa.testcases.LoginPage_TestCase" name="verifyLoginFunctionality" time="14.341"/>
  <testcase classname="com.qa.testcases.LoginPage_TestCase" name="verifypagetitle" time="17.249"/>
</testsuite> <!-- com.qa.testcases.LoginPage_TestCase -->
