<?xml version="1.0" encoding="UTF-8"?>
<!-- Generated by org.testng.reporters.JUnitReportReporter -->
<testsuite hostname="DESKTOP-8AK31QI" failures="0" tests="1" name="com.qa.testcases.DashBoardPage_TestCase" time="13.131" errors="0" timestamp="26 Oct 2024 18:03:46 GMT" skipped="0">
  <testcase classname="com.qa.testcases.DashBoardPage_TestCase" name="verifyLoginNavigation" time="13.131"/>
</testsuite> <!-- com.qa.testcases.DashBoardPage_TestCase -->
