<?xml version="1.0" encoding="UTF-8"?>
<!-- Generated by org.testng.reporters.JUnitReportReporter -->
<testsuite hostname="DESKTOP-8AK31QI" failures="0" tests="1" name="testcases.LandingPage_TestCase" time="14.678" errors="0" timestamp="2024-10-26T23:39:47 IST" skipped="0">
  <testcase classname="testcases.LandingPage_TestCase" name="verifyLandingPage" time="14.678"/>
  <system-out/>
</testsuite> <!-- testcases.LandingPage_TestCase -->
