<?xml version="1.0" encoding="UTF-8"?>
<!-- Generated by org.testng.reporters.JUnitReportReporter -->
<testsuite hostname="DESKTOP-8AK31QI" failures="0" tests="1" name="com.qa.testcases.DashBoard_TestCase" time="27.897" errors="0" timestamp="13 Nov 2024 14:50:43 GMT" skipped="0">
  <testcase classname="com.qa.testcases.DashBoard_TestCase" name="verifyDashBoardLoginLink" time="27.897"/>
</testsuite> <!-- com.qa.testcases.DashBoard_TestCase -->
